This is pdfTeX, Version 3.141592653-2.6-1.40.25 (TeX Live 2023/Debian) (preloaded format=pdflatex 2026.2.4)  5 FEB 2026 20:04
entering extended mode
 restricted \write18 enabled.
 %&-line parsing enabled.
**1770302054391_ne9tt1l62v.tex
(./1770302054391_ne9tt1l62v.tex
LaTeX2e <2023-11-01> patch level 1
L3 programming layer <2024-01-22>

! LaTeX Error: There's no line here to end.

See the LaTeX manual or LaTeX Companion for explanation.
Type  H <return>  for immediate help.
 ...                                              
                                                  
l.2 \\d
       ocumentclass{article} 
Here is how much of TeX's memory you used:
 17 strings out of 476182
 594 string characters out of 5795596
 1922975 words of memory out of 5000000
 22117 multiletter control sequences out of 15000+600000
 558069 words of font info for 36 fonts, out of 8000000 for 9000
 14 hyphenation exceptions out of 8191
 12i,0n,13p,60b,14s stack positions out of 10000i,1000n,20000p,200000b,200000s

!  ==> Fatal error occurred, no output PDF file produced!
